<?xml version="1.0" encoding="UTF-8"?>
<testsuite xmlns:xsi="http://www.w3.org/2001/XMLSchema-instance" xsi:noNamespaceSchemaLocation="https://maven.apache.org/surefire/maven-surefire-plugin/xsd/surefire-test-report.xsd" name="demo.SequenceIteratorTest" time="0.148" tests="1" errors="1" skipped="0" failures="0">
  <properties>
[...]
</properties>
  <testcase name="sequenceIteratorSobreMultiplesSecuencias" classname="demo.SequenceIteratorTest" time="0.121">
    <error type="java.lang.NullPointerException">java.lang.NullPointerException
	at demo.SequenceIteratorTest.sequenceIteratorSobreMultiplesSecuencias(SequenceIteratorTest.java:31)
</error>
    <system-err><![CDATA[log4j:WARN No appenders could be found for logger (org.ehcache.impl.persistence.DefaultLocalPersistenceService).
log4j:WARN Please initialize the log4j system properly.
log4j:WARN See http://logging.apache.org/log4j/1.2/faq.html#noconfig for more info.
org.ehcache.StateTransitionException: Cache 'persistent-cache' creation in EhcacheManager failed.
	at org.ehcache.core.StatusTransitioner$Transition.failed(StatusTransitioner.java:235)
	at org.ehcache.core.EhcacheManager.init(EhcacheManager.java:585)
	at org.ehcache.config.builders.CacheManagerBuilder.build(CacheManagerBuilder.java:72)
	at demo.EHCacheManager.<init>(EHCacheManager.java:38)
	at demo.EHCacheManager.getManejador(EHCacheManager.java:51)
	at demo.SequenceIterator.<init>(SequenceIterator.java:12)
	at demo.SequenceIteratorTest.sequenceIteratorSobreMultiplesSecuencias(SequenceIteratorTest.java:31)
	at java.base/jdk.internal.reflect.NativeMethodAccessorImpl.invoke0(Native Method)
	at java.base/jdk.internal.reflect.NativeMethodAccessorImpl.invoke(NativeMethodAccessorImpl.java:62)
	at java.base/jdk.internal.reflect.DelegatingMethodAccessorImpl.invoke(DelegatingMethodAccessorImpl.java:43)
	at java.base/java.lang.reflect.Method.invoke(Method.java:566)
	at org.junit.runners.model.FrameworkMethod$1.runReflectiveCall(FrameworkMethod.java:47)
	at org.junit.internal.runners.model.ReflectiveCallable.run(ReflectiveCallable.java:12)
	at org.junit.runners.model.FrameworkMethod.invokeExplosively(FrameworkMethod.java:44)
	at org.junit.internal.runners.statements.InvokeMethod.evaluate(InvokeMethod.java:17)
	at org.junit.internal.runners.statements.RunAfters.evaluate(RunAfters.java:27)
	at org.junit.runners.ParentRunner.runLeaf(ParentRunner.java:271)
	at org.junit.runners.BlockJUnit4ClassRunner.runChild(BlockJUnit4ClassRunner.java:70)
	at org.junit.runners.BlockJUnit4ClassRunner.runChild(BlockJUnit4ClassRunner.java:50)
	at org.junit.runners.ParentRunner$3.run(ParentRunner.java:238)
	at org.junit.runners.ParentRunner$1.schedule(ParentRunner.java:63)
	at org.junit.runners.ParentRunner.runChildren(ParentRunner.java:236)
	at org.junit.runners.ParentRunner.access$000(ParentRunner.java:53)
	at org.junit.runners.ParentRunner$2.evaluate(ParentRunner.java:229)
	at org.junit.runners.ParentRunner.run(ParentRunner.java:309)
	at org.apache.maven.surefire.junit4.JUnit4Provider.execute(JUnit4Provider.java:365)
	at org.apache.maven.surefire.junit4.JUnit4Provider.executeWithRerun(JUnit4Provider.java:273)
	at org.apache.maven.surefire.junit4.JUnit4Provider.executeTestSet(JUnit4Provider.java:238)
	at org.apache.maven.surefire.junit4.JUnit4Provider.invoke(JUnit4Provider.java:159)
	at org.apache.maven.surefire.booter.ForkedBooter.invokeProviderInSameClassLoader(ForkedBooter.java:384)
	at org.apache.maven.surefire.booter.ForkedBooter.runSuitesInProcess(ForkedBooter.java:345)
	at org.apache.maven.surefire.booter.ForkedBooter.execute(ForkedBooter.java:126)
	at org.apache.maven.surefire.booter.ForkedBooter.main(ForkedBooter.java:418)
Caused by: java.lang.IllegalStateException: Cache 'persistent-cache' creation in EhcacheManager failed.
	at org.ehcache.core.EhcacheManager.createCache(EhcacheManager.java:285)
	at org.ehcache.core.EhcacheManager.init(EhcacheManager.java:564)
	... 31 more
Caused by: java.lang.RuntimeException: org.ehcache.spi.serialization.UnsupportedTypeException: No serializer found for type 'java.util.Iterator'
	at org.ehcache.core.EhcacheManager.getStore(EhcacheManager.java:473)
	at org.ehcache.core.EhcacheManager.createNewEhcache(EhcacheManager.java:308)
	at org.ehcache.core.EhcacheManager.createCache(EhcacheManager.java:257)
	... 32 more
Caused by: org.ehcache.spi.serialization.UnsupportedTypeException: No serializer found for type 'java.util.Iterator'
	at org.ehcache.impl.internal.spi.serialization.DefaultSerializationProvider$AbstractProvider.getClassFor(DefaultSerializationProvider.java:276)
	at org.ehcache.impl.internal.spi.serialization.DefaultSerializationProvider$PersistentProvider.createSerializer(DefaultSerializationProvider.java:196)
	at org.ehcache.impl.internal.spi.serialization.DefaultSerializationProvider$AbstractProvider.createValueSerializer(DefaultSerializationProvider.java:254)
	at org.ehcache.impl.internal.spi.serialization.DefaultSerializationProvider.createValueSerializer(DefaultSerializationProvider.java:107)
	at org.ehcache.core.EhcacheManager.getStore(EhcacheManager.java:462)
	... 34 more
]]></system-err>
  </testcase>
</testsuite>